<?xml version="1.0" encoding="UTF-8"?>
<!-- Generated by org.testng.reporters.JUnitReportReporter -->
<testsuite hostname="Kishores-MacBook-Air.local" failures="0" tests="1" name="stepDefinations.loginPage" time="13.250" errors="0" timestamp="2021-11-12T18:29:45 IST" skipped="0">
  <testcase classname="stepDefinations.loginPage" name="open_the_content_portal_url" time="13.250"/>
  <system-out/>
</testsuite> <!-- stepDefinations.loginPage -->
